2024-12-08T14:17:50.802Z [error]: SequelizeConnectionRefusedError
2024-12-08T14:17:52.047Z [error]: SequelizeConnectionRefusedError
2024-12-08T14:39:19.567Z [info]: POST: /api/auth/login
2024-12-08T14:39:19.571Z [error]: "first_name" is not allowed to be empty
2024-12-08T14:40:20.640Z [info]: POST: /api/auth/login
2024-12-08T14:40:20.643Z [error]: وارد کردن نام اجباری می باشد !
2024-12-08T14:40:52.482Z [info]: POST: /api/auth/login
2024-12-08T14:40:52.485Z [error]: وارد کردن نام خانوادگی اجباری می باشد !
2024-12-08T14:40:55.027Z [info]: POST: /api/auth/login
2024-12-08T14:40:55.028Z [error]: وارد کردن شماره موبایل اجباری می باشد !
2024-12-08T14:41:27.882Z [info]: POST: /api/auth/login
2024-12-08T14:41:27.883Z [error]: "email" is not allowed to be empty
2024-12-08T14:41:51.179Z [info]: POST: /api/auth/login
2024-12-08T14:41:51.182Z [error]: "email" is not allowed to be empty
2024-12-08T14:42:09.480Z [info]: POST: /api/auth/login
2024-12-08T14:42:09.483Z [error]: "email" is not allowed to be empty
2024-12-08T14:42:16.984Z [info]: POST: /api/auth/login
2024-12-08T14:42:16.988Z [error]: "email" is not allowed to be empty
2024-12-08T14:42:23.041Z [info]: POST: /api/auth/login
2024-12-08T14:42:23.045Z [error]: "email" is not allowed to be empty
2024-12-08T14:42:40.962Z [info]: POST: /api/auth/login
2024-12-08T14:42:40.966Z [error]: "email" is not allowed to be empty
2024-12-08T14:43:01.846Z [info]: POST: /api/auth/login
2024-12-08T14:43:01.849Z [error]: "email" is not allowed to be empty
2024-12-08T14:43:46.757Z [info]: POST: /api/auth/login
2024-12-08T14:43:46.760Z [error]: "email" is not allowed to be empty
2024-12-08T14:44:40.837Z [info]: POST: /api/auth/login
2024-12-08T14:44:40.840Z [error]: "email" is not allowed to be empty
2024-12-08T14:45:05.997Z [info]: POST: /api/auth/login
2024-12-08T14:45:06.000Z [error]: ایمیل وارد شده معتبر نمی باشد !
2024-12-08T14:45:15.085Z [info]: POST: /api/auth/login
2024-12-08T14:45:15.086Z [error]: "email" must be a valid email
2024-12-08T14:45:32.123Z [info]: POST: /api/auth/login
2024-12-08T14:45:32.127Z [error]: "email" must be a valid email
2024-12-08T14:45:39.418Z [info]: POST: /api/auth/login
2024-12-08T14:45:39.421Z [error]: "email" must be a valid email
2024-12-08T14:46:30.104Z [info]: POST: /api/auth/login
2024-12-08T14:46:30.107Z [error]: ایمیل وارد شده معتبر نمی باشد !
2024-12-08T14:46:54.630Z [info]: POST: /api/auth/login
2024-12-08T14:46:54.631Z [error]: "password" is not allowed to be empty
2024-12-08T14:47:08.665Z [info]: POST: /api/auth/login
2024-12-08T14:47:08.671Z [error]: رمز عبور وارد شده معتبر نمی باشد !
2024-12-08T14:47:25.154Z [info]: POST: /api/auth/login
2024-12-08T14:48:38.808Z [info]: POST: /api/auth/login
2024-12-08T14:48:38.812Z [error]: رمز عبور و تکرار آن برابر نیست !
2024-12-08T14:48:44.156Z [info]: POST: /api/auth/login
2024-12-08T14:48:44.157Z [error]: رمز عبور و تکرار آن برابر نیست !
2024-12-08T14:48:47.132Z [info]: POST: /api/auth/login
2024-12-08T14:49:52.645Z [info]: POST: /api/auth/login
2024-12-08T14:51:38.553Z [info]: POST: /api/auth/login
2024-12-08T14:51:38.556Z [error]: وارد کردن نام اجباری می باشد !
2024-12-08T14:52:29.631Z [info]: POST: /api/projects
2024-12-08T14:52:29.634Z [error]: "title" is not allowed to be empty
2024-12-08T14:52:44.463Z [info]: POST: /api/projects
2024-12-08T14:52:44.466Z [error]: وارد کردن عنوان اجباری می باشد !
2024-12-08T14:52:54.450Z [info]: POST: /api/projects
2024-12-08T14:52:54.452Z [error]: "created_by" must be a number
2024-12-08T14:53:02.706Z [info]: POST: /api/projects
2024-12-08T14:53:02.710Z [error]: "created_by" must be a number
2024-12-08T14:53:18.623Z [info]: POST: /api/projects
2024-12-08T14:53:18.651Z [error]: Invalid value received for the "where" option. Refer to the sequelize documentation to learn which values the "where" option accepts.
Value: { id: '' }
2024-12-08T14:54:40.116Z [info]: POST: /api/projects
2024-12-08T14:54:40.143Z [error]: Invalid value received for the "where" option. Refer to the sequelize documentation to learn which values the "where" option accepts.
Value: { id: '' }
2024-12-08T14:55:11.916Z [info]: POST: /api/projects
2024-12-08T14:55:11.953Z [error]: Cannot set headers after they are sent to the client
2024-12-08T14:55:31.578Z [info]: POST: /api/projects
2024-12-08T14:55:31.586Z [error]: Table 'task_manager.project' doesn't exist
2024-12-08T14:56:04.477Z [error]: undefined
2024-12-08T14:56:23.440Z [info]: POST: /api/projects
2024-12-08T14:57:43.590Z [error]: undefined
2024-12-08T14:58:15.824Z [error]: undefined
2024-12-08T14:58:17.800Z [error]: undefined
2024-12-08T14:58:19.418Z [error]: undefined
2024-12-08T14:58:21.600Z [error]: undefined
2024-12-08T14:58:23.917Z [error]: undefined
2024-12-08T14:58:25.263Z [error]: undefined
2024-12-08T14:58:42.212Z [error]: undefined
2024-12-08T14:59:02.928Z [error]: undefined
2024-12-08T14:59:12.223Z [error]: undefined
2024-12-08T14:59:20.797Z [error]: undefined
2024-12-08T14:59:23.420Z [error]: undefined
2024-12-08T14:59:24.491Z [error]: undefined
2024-12-08T14:59:33.139Z [error]: undefined
2024-12-08T14:59:55.666Z [error]: undefined
2024-12-08T15:00:04.339Z [error]: undefined
2024-12-08T15:00:19.084Z [error]: undefined
2024-12-08T15:00:50.279Z [error]: undefined
2024-12-08T15:00:52.622Z [error]: undefined
2024-12-08T15:00:56.145Z [error]: undefined
2024-12-08T16:35:40.560Z [error]: undefined
2024-12-08T16:35:44.108Z [error]: undefined
2024-12-08T16:35:47.905Z [error]: undefined
2024-12-08T16:35:53.077Z [error]: undefined
2024-12-08T16:35:54.209Z [error]: undefined
2024-12-08T16:35:58.674Z [error]: undefined
2024-12-08T16:41:51.335Z [error]: undefined
2024-12-08T16:42:02.616Z [error]: undefined
2024-12-08T16:42:10.730Z [error]: undefined
2024-12-08T16:42:11.802Z [error]: undefined
2024-12-08T16:42:38.755Z [error]: undefined
2024-12-08T16:42:49.041Z [error]: undefined
2024-12-08T16:43:03.807Z [error]: undefined
2024-12-08T16:43:08.023Z [error]: undefined
2024-12-08T16:43:12.919Z [error]: undefined
2024-12-08T16:43:35.260Z [info]: PUT: /api/projects/2
2024-12-08T16:43:35.271Z [error]: Cannot read properties of null (reading 'title')
2024-12-08T16:43:36.408Z [error]: undefined
2024-12-08T16:43:39.354Z [info]: PUT: /api/projects/1
2024-12-08T16:46:50.509Z [error]: undefined
2024-12-08T16:47:01.459Z [error]: undefined
2024-12-08T16:47:11.183Z [error]: undefined
2024-12-08T16:47:16.431Z [error]: undefined
2024-12-08T16:48:03.295Z [error]: undefined
2024-12-08T16:48:49.254Z [info]: GET: /api/projects
2024-12-08T16:48:49.256Z [error]: مقدار sort_order باید یکی از این موارد باشه (asc, desc)
2024-12-08T16:48:58.384Z [error]: undefined
2024-12-08T16:49:04.084Z [error]: undefined
2024-12-08T16:49:05.062Z [error]: undefined
2024-12-08T16:49:07.503Z [error]: undefined
2024-12-08T16:49:41.623Z [info]: GET: /api/projects
2024-12-08T16:49:41.625Z [error]: مقدار 'order_by' معتبر نمی باشد !
2024-12-08T16:49:46.086Z [info]: GET: /api/projects
2024-12-08T16:49:53.820Z [error]: undefined
2024-12-08T16:49:54.779Z [info]: GET: /api/projects
2024-12-08T16:49:54.782Z [error]: "limit" must be greater than or equal to 1
2024-12-08T16:50:08.544Z [error]: undefined
2024-12-08T16:50:10.771Z [error]: undefined
2024-12-08T16:50:13.220Z [error]: undefined
2024-12-08T16:50:13.801Z [info]: GET: /api/projects
2024-12-08T16:50:13.803Z [error]: مقدار 'limit' معتبر نمی باشد !
2024-12-08T16:52:11.349Z [error]: undefined
2024-12-08T16:52:25.893Z [error]: undefined
2024-12-08T16:52:36.886Z [error]: undefined
2024-12-08T16:52:41.023Z [error]: undefined
2024-12-08T16:52:44.172Z [error]: undefined
2024-12-08T16:52:45.788Z [error]: undefined
2024-12-08T16:52:48.472Z [error]: undefined
2024-12-08T16:52:50.982Z [error]: undefined
2024-12-08T16:53:13.453Z [info]: POST: /api/projects/:project_id/members
2024-12-08T16:53:13.458Z [error]: Invalid value received for the "where" option. Refer to the sequelize documentation to learn which values the "where" option accepts.
Value: { id: '' }
2024-12-08T16:54:04.524Z [error]: undefined
2024-12-08T16:54:07.891Z [error]: undefined
2024-12-08T17:00:21.736Z [info]: POST: /api/projects/2/members
2024-12-08T17:00:21.750Z [error]: Invalid value received for the "where" option. Refer to the sequelize documentation to learn which values the "where" option accepts.
Value: { id: NaN }
2024-12-08T17:00:34.934Z [info]: POST: /api/projects/2/members
2024-12-08T17:00:34.940Z [error]: Invalid value received for the "where" option. Refer to the sequelize documentation to learn which values the "where" option accepts.
Value: { id: NaN }
2024-12-08T17:01:15.347Z [info]: POST: /api/projects/2/members
2024-12-08T17:01:15.353Z [error]: Invalid value received for the "where" option. Refer to the sequelize documentation to learn which values the "where" option accepts.
Value: { id: undefined }
2024-12-08T17:01:25.858Z [info]: POST: /api/projects/2/members
2024-12-08T17:01:25.864Z [error]: Invalid value received for the "where" option. Refer to the sequelize documentation to learn which values the "where" option accepts.
Value: { id: undefined }
2024-12-08T17:02:06.892Z [info]: POST: /api/projects/:project_id/members
2024-12-08T17:02:06.899Z [error]: Invalid value received for the "where" option. Refer to the sequelize documentation to learn which values the "where" option accepts.
Value: { id: undefined }
2024-12-08T17:02:49.650Z [info]: POST: /api/projects/:project_id/members
2024-12-08T17:02:49.657Z [error]: Invalid value received for the "where" option. Refer to the sequelize documentation to learn which values the "where" option accepts.
Value: { id: '' }
2024-12-08T17:03:04.786Z [info]: POST: /api/projects/1/members
2024-12-08T17:03:04.792Z [error]: Invalid value received for the "where" option. Refer to the sequelize documentation to learn which values the "where" option accepts.
Value: { id: undefined }
2024-12-08T17:03:22.040Z [info]: POST: /api/projects/1/members
2024-12-08T17:03:22.047Z [error]: Invalid value received for the "where" option. Refer to the sequelize documentation to learn which values the "where" option accepts.
Value: { id: undefined }
2024-12-08T17:03:34.762Z [info]: POST: /api/projects/2/members
2024-12-08T17:03:34.763Z [error]: Invalid value received for the "where" option. Refer to the sequelize documentation to learn which values the "where" option accepts.
Value: { id: undefined }
2024-12-08T17:03:51.011Z [info]: POST: /api/projects/2/members
2024-12-08T17:03:51.031Z [error]: Cannot set headers after they are sent to the client
2024-12-08T17:03:55.107Z [info]: POST: /api/projects/1/members
2024-12-08T17:03:55.139Z [error]: Cannot set headers after they are sent to the client
2024-12-08T17:06:26.583Z [info]: POST: /api/projects/1/members
2024-12-08T17:06:26.617Z [error]: Cannot set headers after they are sent to the client
2024-12-08T17:06:31.384Z [info]: POST: /api/projects/1/members
2024-12-08T17:06:31.392Z [error]: Cannot read properties of null (reading 'setUser')
2024-12-08T17:06:33.841Z [info]: POST: /api/projects/1/members
2024-12-08T17:06:33.847Z [error]: Cannot read properties of null (reading 'setUser')
2024-12-08T17:07:30.954Z [info]: POST: /api/projects/1/members
2024-12-08T17:07:30.963Z [error]: Cannot read properties of null (reading 'setUser')
2024-12-08T17:08:51.751Z [info]: POST: /api/projects/1/members
2024-12-08T17:08:51.787Z [error]: Cannot read properties of null (reading 'dataValues')
2024-12-08T17:09:04.573Z [info]: POST: /api/projects/1/members
2024-12-08T17:13:51.832Z [info]: GET: /api/projects/1/users
2024-12-08T17:13:51.855Z [error]: Unknown column 'projectMember.first_name' in 'where clause'
2024-12-08T17:14:15.237Z [info]: GET: /api/projects/1/users
2024-12-08T17:14:15.252Z [error]: Unknown column 'projectMember.first_name' in 'where clause'
2024-12-08T17:14:44.368Z [info]: GET: /api/projects/1/users
2024-12-08T17:14:44.371Z [error]: project_id is not defined
2024-12-08T17:14:51.255Z [info]: GET: /api/projects/1/users
2024-12-08T17:14:51.268Z [error]: Unknown column 'projectMember.first_name' in 'where clause'
2024-12-08T17:15:20.773Z [info]: GET: /api/projects/1/users
2024-12-08T17:15:20.783Z [error]: Unknown column 'projectMember.first_name' in 'where clause'
2024-12-08T17:15:50.614Z [info]: GET: /api/projects/1/users
2024-12-08T17:16:10.095Z [info]: GET: /api/projects/1/users
2024-12-08T17:16:10.111Z [error]: Unknown column 'projectMember.user' in 'where clause'
2024-12-08T17:17:35.073Z [info]: GET: /api/projects/1/users
2024-12-08T17:17:35.111Z [error]: Unknown column 'user.user' in 'on clause'
2024-12-08T17:17:44.791Z [info]: GET: /api/projects/1/users
2024-12-08T17:17:44.807Z [error]: Unknown column 'user.project_id' in 'on clause'
2024-12-08T17:18:03.947Z [info]: GET: /api/projects/1/users
2024-12-08T17:18:33.571Z [info]: GET: /api/projects/1/users
2024-12-08T17:18:33.572Z [error]: مقدار 'order_by' معتبر نمی باشد !
2024-12-08T17:38:51.903Z [info]: POST: /api/tasks
2024-12-08T17:38:51.905Z [error]: آدرس مورد نظر یافت نشد !
2024-12-08T17:39:12.765Z [info]: POST: /api/tasks
2024-12-08T17:39:12.771Z [error]: Invalid value received for the "where" option. Refer to the sequelize documentation to learn which values the "where" option accepts.
Value: { id: '' }
2024-12-08T17:40:14.237Z [info]: POST: /api/tasks
2024-12-08T17:40:14.246Z [error]: Cannot set headers after they are sent to the client
2024-12-08T17:40:18.417Z [info]: POST: /api/tasks
2024-12-08T17:40:18.427Z [error]: Validation error: Invalid Date is not a valid date
2024-12-08T17:40:22.568Z [info]: POST: /api/tasks
2024-12-08T17:40:22.571Z [error]: Validation error: Invalid Date is not a valid date
2024-12-08T17:41:58.873Z [info]: POST: /api/tasks
2024-12-08T17:41:58.885Z [error]: Validation error: Invalid Date is not a valid date
2024-12-08T17:43:39.292Z [info]: POST: /api/tasks
2024-12-08T17:43:39.304Z [error]: Validation error: Invalid Date is not a valid date
2024-12-08T17:43:58.934Z [info]: POST: /api/tasks
2024-12-08T17:43:58.950Z [error]: Validation error: Invalid Date is not a valid date
2024-12-08T17:44:02.224Z [info]: POST: /api/tasks
2024-12-08T17:44:54.166Z [info]: PUT: /api/tasks/1
2024-12-08T17:46:25.538Z [info]: GET: /api/users
2024-12-08T17:46:33.793Z [info]: GET: /api/projects/1/users
2024-12-08T17:46:44.199Z [info]: GET: /api/users/1/tasks
2024-12-08T17:46:47.119Z [info]: GET: /api/users/2/tasks
2024-12-08T17:46:49.485Z [info]: GET: /api/users/1/tasks
2024-12-08T17:46:55.128Z [info]: GET: /api/projects/1/users/1/tasks
2024-12-08T17:46:57.727Z [info]: GET: /api/projects/2/users/1/tasks
2024-12-08T17:47:01.585Z [info]: GET: /api/projects/1/users/1/tasks
2024-12-08T17:47:06.233Z [info]: GET: /api/tasks/1
2024-12-08T18:42:44.080Z [info]: GET: /api/projects
2024-12-08T18:43:12.213Z [info]: POST: /api/tasks
2024-12-08T18:44:15.450Z [error]: undefined
2024-12-08T18:45:24.734Z [error]: undefined
2024-12-08T18:48:04.679Z [error]: undefined
2024-12-08T18:48:05.540Z [error]: undefined
2024-12-08T18:51:54.197Z [info]: GET: /api/projects
